{"C:\\BestSeller Author Pro\\project\\app\\lib\\encryption.ts": {"path":"C:\\BestSeller Author Pro\\project\\app\\lib\\encryption.ts","statementMap":{"0":{"start":{"line":3,"column":18},"end":{"line":3,"column":null}},"1":{"start":{"line":4,"column":23},"end":{"line":4,"column":null}},"2":{"start":{"line":5,"column":18},"end":{"line":5,"column":null}},"3":{"start":{"line":11,"column":13},"end":{"line":11,"column":null}},"4":{"start":{"line":12,"column":17},"end":{"line":12,"column":null}},"5":{"start":{"line":14,"column":18},"end":{"line":14,"column":null}},"6":{"start":{"line":15,"column":2},"end":{"line":15,"column":null}},"7":{"start":{"line":17,"column":2},"end":{"line":17,"column":null}},"8":{"start":{"line":24,"column":16},"end":{"line":24,"column":null}},"9":{"start":{"line":25,"column":13},"end":{"line":25,"column":null}},"10":{"start":{"line":26,"column":24},"end":{"line":26,"column":null}},"11":{"start":{"line":28,"column":19},"end":{"line":28,"column":null}},"12":{"start":{"line":30,"column":18},"end":{"line":30,"column":null}},"13":{"start":{"line":31,"column":2},"end":{"line":31,"column":null}},"14":{"start":{"line":33,"column":2},"end":{"line":33,"column":null}}},"fnMap":{"0":{"name":"encrypt","decl":{"start":{"line":10,"column":16},"end":{"line":10,"column":24}},"loc":{"start":{"line":10,"column":46},"end":{"line":18,"column":null}},"line":10},"1":{"name":"decrypt","decl":{"start":{"line":23,"column":16},"end":{"line":23,"column":24}},"loc":{"start":{"line":23,"column":55},"end":{"line":34,"column":null}},"line":23}},"branchMap":{"0":{"loc":{"start":{"line":4,"column":23},"end":{"line":4,"column":null}},"type":"binary-expr","locations":[{"start":{"line":4,"column":23},"end":{"line":4,"column":53}},{"start":{"line":4,"column":53},"end":{"line":4,"column":null}}],"line":4}},"s":{"0":2,"1":2,"2":2,"3":4,"4":4,"5":4,"6":4,"7":4,"8":3,"9":3,"10":3,"11":3,"12":3,"13":3,"14":3},"f":{"0":4,"1":3},"b":{"0":[2,0]},"meta":{"lastBranch":1,"lastFunction":2,"lastStatement":15,"seen":{"s:3:18:3:Infinity":0,"s:4:23:4:Infinity":1,"b:4:23:4:53:4:53:4:Infinity":0,"s:5:18:5:Infinity":2,"f:10:16:10:24":0,"s:11:13:11:Infinity":3,"s:12:17:12:Infinity":4,"s:14:18:14:Infinity":5,"s:15:2:15:Infinity":6,"s:17:2:17:Infinity":7,"f:23:16:23:24":1,"s:24:16:24:Infinity":8,"s:25:13:25:Infinity":9,"s:26:24:26:Infinity":10,"s:28:19:28:Infinity":11,"s:30:18:30:Infinity":12,"s:31:2:31:Infinity":13,"s:33:2:33:Infinity":14}}}
,"C:\\BestSeller Author Pro\\project\\app\\lib\\logger.ts": {"path":"C:\\BestSeller Author Pro\\project\\app\\lib\\logger.ts","statementMap":{"0":{"start":{"line":1,"column":22},"end":{"line":5,"column":null}},"1":{"start":{"line":2,"column":37},"end":{"line":2,"column":null}},"2":{"start":{"line":3,"column":37},"end":{"line":3,"column":null}},"3":{"start":{"line":4,"column":38},"end":{"line":4,"column":null}}},"fnMap":{"0":{"name":"(anonymous_0)","decl":{"start":{"line":2,"column":8},"end":{"line":2,"column":9}},"loc":{"start":{"line":2,"column":37},"end":{"line":2,"column":null}},"line":2},"1":{"name":"(anonymous_1)","decl":{"start":{"line":3,"column":8},"end":{"line":3,"column":9}},"loc":{"start":{"line":3,"column":37},"end":{"line":3,"column":null}},"line":3},"2":{"name":"(anonymous_2)","decl":{"start":{"line":4,"column":9},"end":{"line":4,"column":10}},"loc":{"start":{"line":4,"column":38},"end":{"line":4,"column":null}},"line":4}},"branchMap":{"0":{"loc":{"start":{"line":2,"column":94},"end":{"line":2,"column":104}},"type":"binary-expr","locations":[{"start":{"line":2,"column":94},"end":{"line":2,"column":102}},{"start":{"line":2,"column":102},"end":{"line":2,"column":104}}],"line":2},"1":{"loc":{"start":{"line":3,"column":95},"end":{"line":3,"column":105}},"type":"binary-expr","locations":[{"start":{"line":3,"column":95},"end":{"line":3,"column":103}},{"start":{"line":3,"column":103},"end":{"line":3,"column":105}}],"line":3},"2":{"loc":{"start":{"line":4,"column":98},"end":{"line":4,"column":108}},"type":"binary-expr","locations":[{"start":{"line":4,"column":98},"end":{"line":4,"column":106}},{"start":{"line":4,"column":106},"end":{"line":4,"column":108}}],"line":4}},"s":{"0":1,"1":0,"2":0,"3":0},"f":{"0":0,"1":0,"2":0},"b":{"0":[0,0],"1":[0,0],"2":[0,0]},"meta":{"lastBranch":3,"lastFunction":3,"lastStatement":4,"seen":{"s:1:22:5:Infinity":0,"f:2:8:2:9":0,"s:2:37:2:Infinity":1,"b:2:94:2:102:2:102:2:104":0,"f:3:8:3:9":1,"s:3:37:3:Infinity":2,"b:3:95:3:103:3:103:3:105":1,"f:4:9:4:10":2,"s:4:38:4:Infinity":3,"b:4:98:4:106:4:106:4:108":2}}}
,"C:\\BestSeller Author Pro\\project\\app\\lib\\rate-limit.ts": {"path":"C:\\BestSeller Author Pro\\project\\app\\lib\\rate-limit.ts","statementMap":{"0":{"start":{"line":3,"column":66},"end":{"line":3,"column":null}},"1":{"start":{"line":10,"column":34},"end":{"line":13,"column":null}},"2":{"start":{"line":15,"column":17},"end":{"line":15,"column":35}},"3":{"start":{"line":18,"column":18},"end":{"line":18,"column":null}},"4":{"start":{"line":19,"column":14},"end":{"line":19,"column":null}},"5":{"start":{"line":20,"column":2},"end":{"line":20,"column":null}},"6":{"start":{"line":21,"column":2},"end":{"line":21,"column":null}},"7":{"start":{"line":25,"column":19},"end":{"line":25,"column":null}},"8":{"start":{"line":26,"column":16},"end":{"line":26,"column":null}},"9":{"start":{"line":27,"column":2},"end":{"line":27,"column":null}},"10":{"start":{"line":28,"column":2},"end":{"line":31,"column":null}},"11":{"start":{"line":29,"column":4},"end":{"line":29,"column":null}},"12":{"start":{"line":30,"column":4},"end":{"line":30,"column":null}},"13":{"start":{"line":32,"column":2},"end":{"line":32,"column":null}},"14":{"start":{"line":33,"column":2},"end":{"line":33,"column":null}},"15":{"start":{"line":37,"column":2},"end":{"line":37,"column":null}},"16":{"start":{"line":38,"column":2},"end":{"line":38,"column":null}}},"fnMap":{"0":{"name":"now","decl":{"start":{"line":15,"column":9},"end":{"line":15,"column":15}},"loc":{"start":{"line":15,"column":15},"end":{"line":15,"column":null}},"line":15},"1":{"name":"refill","decl":{"start":{"line":17,"column":9},"end":{"line":17,"column":16}},"loc":{"start":{"line":17,"column":87},"end":{"line":22,"column":null}},"line":17},"2":{"name":"assertRateLimit","decl":{"start":{"line":24,"column":16},"end":{"line":24,"column":32}},"loc":{"start":{"line":24,"column":98},"end":{"line":34,"column":null}},"line":24},"3":{"name":"withRateLimit","decl":{"start":{"line":36,"column":22},"end":{"line":36,"column":39}},"loc":{"start":{"line":36,"column":93},"end":{"line":39,"column":null}},"line":36}},"branchMap":{"0":{"loc":{"start":{"line":24,"column":64},"end":{"line":24,"column":98}},"type":"default-arg","locations":[{"start":{"line":24,"column":89},"end":{"line":24,"column":98}}],"line":24},"1":{"loc":{"start":{"line":26,"column":16},"end":{"line":26,"column":null}},"type":"binary-expr","locations":[{"start":{"line":26,"column":16},"end":{"line":26,"column":36}},{"start":{"line":26,"column":36},"end":{"line":26,"column":null}}],"line":26},"2":{"loc":{"start":{"line":28,"column":2},"end":{"line":31,"column":null}},"type":"if","locations":[{"start":{"line":28,"column":2},"end":{"line":31,"column":null}},{"start":{},"end":{}}],"line":28}},"s":{"0":1,"1":1,"2":0,"3":0,"4":0,"5":0,"6":0,"7":0,"8":0,"9":0,"10":0,"11":0,"12":0,"13":0,"14":0,"15":0,"16":0},"f":{"0":0,"1":0,"2":0,"3":0},"b":{"0":[0],"1":[0,0],"2":[0,0]},"meta":{"lastBranch":3,"lastFunction":4,"lastStatement":17,"seen":{"s:3:66:3:Infinity":0,"s:10:34:13:Infinity":1,"f:15:9:15:15":0,"s:15:17:15:35":2,"f:17:9:17:16":1,"s:18:18:18:Infinity":3,"s:19:14:19:Infinity":4,"s:20:2:20:Infinity":5,"s:21:2:21:Infinity":6,"f:24:16:24:32":2,"b:24:89:24:98":0,"s:25:19:25:Infinity":7,"s:26:16:26:Infinity":8,"b:26:16:26:36:26:36:26:Infinity":1,"s:27:2:27:Infinity":9,"b:28:2:31:Infinity:undefined:undefined:undefined:undefined":2,"s:28:2:31:Infinity":10,"s:29:4:29:Infinity":11,"s:30:4:30:Infinity":12,"s:32:2:32:Infinity":13,"s:33:2:33:Infinity":14,"f:36:22:36:39":3,"s:37:2:37:Infinity":15,"s:38:2:38:Infinity":16}}}
,"C:\\BestSeller Author Pro\\project\\app\\routes\\api.keys.ts": {"path":"C:\\BestSeller Author Pro\\project\\app\\routes\\api.keys.ts","statementMap":{"0":{"start":{"line":8,"column":23},"end":{"line":8,"column":null}},"1":{"start":{"line":10,"column":0},"end":{"line":12,"column":null}},"2":{"start":{"line":11,"column":2},"end":{"line":11,"column":null}},"3":{"start":{"line":18,"column":8},"end":{"line":18,"column":null}},"4":{"start":{"line":19,"column":26},"end":{"line":19,"column":null}},"5":{"start":{"line":20,"column":2},"end":{"line":20,"column":null}},"6":{"start":{"line":27,"column":19},"end":{"line":27,"column":null}},"7":{"start":{"line":28,"column":2},"end":{"line":28,"column":null}},"8":{"start":{"line":35,"column":2},"end":{"line":54,"column":null}},"9":{"start":{"line":41,"column":10},"end":{"line":46,"column":null}},"10":{"start":{"line":44,"column":36},"end":{"line":44,"column":null}},"11":{"start":{"line":45,"column":14},"end":{"line":45,"column":null}},"12":{"start":{"line":61,"column":2},"end":{"line":99,"column":null}},"13":{"start":{"line":62,"column":21},"end":{"line":62,"column":null}},"14":{"start":{"line":65,"column":49},"end":{"line":65,"column":null}},"15":{"start":{"line":66,"column":4},"end":{"line":68,"column":null}},"16":{"start":{"line":67,"column":6},"end":{"line":67,"column":null}},"17":{"start":{"line":70,"column":4},"end":{"line":74,"column":null}},"18":{"start":{"line":71,"column":6},"end":{"line":71,"column":null}},"19":{"start":{"line":73,"column":6},"end":{"line":73,"column":null}},"20":{"start":{"line":77,"column":37},"end":{"line":80,"column":null}},"21":{"start":{"line":82,"column":4},"end":{"line":85,"column":null}},"22":{"start":{"line":83,"column":6},"end":{"line":83,"column":null}},"23":{"start":{"line":84,"column":6},"end":{"line":84,"column":null}},"24":{"start":{"line":88,"column":22},"end":{"line":93,"column":null}},"25":{"start":{"line":88,"column":43},"end":{"line":93,"column":6}},"26":{"start":{"line":95,"column":4},"end":{"line":95,"column":null}},"27":{"start":{"line":97,"column":4},"end":{"line":97,"column":null}},"28":{"start":{"line":98,"column":4},"end":{"line":98,"column":null}},"29":{"start":{"line":106,"column":2},"end":{"line":108,"column":null}},"30":{"start":{"line":107,"column":4},"end":{"line":107,"column":null}},"31":{"start":{"line":110,"column":2},"end":{"line":205,"column":null}},"32":{"start":{"line":111,"column":21},"end":{"line":111,"column":null}},"33":{"start":{"line":114,"column":49},"end":{"line":114,"column":null}},"34":{"start":{"line":115,"column":4},"end":{"line":117,"column":null}},"35":{"start":{"line":116,"column":6},"end":{"line":116,"column":null}},"36":{"start":{"line":119,"column":17},"end":{"line":119,"column":null}},"37":{"start":{"line":120,"column":52},"end":{"line":120,"column":null}},"38":{"start":{"line":122,"column":4},"end":{"line":124,"column":null}},"39":{"start":{"line":123,"column":6},"end":{"line":123,"column":null}},"40":{"start":{"line":126,"column":4},"end":{"line":158,"column":null}},"41":{"start":{"line":127,"column":6},"end":{"line":129,"column":null}},"42":{"start":{"line":128,"column":8},"end":{"line":128,"column":null}},"43":{"start":{"line":132,"column":6},"end":{"line":134,"column":null}},"44":{"start":{"line":133,"column":8},"end":{"line":133,"column":null}},"45":{"start":{"line":137,"column":32},"end":{"line":137,"column":null}},"46":{"start":{"line":140,"column":24},"end":{"line":150,"column":null}},"47":{"start":{"line":152,"column":6},"end":{"line":155,"column":null}},"48":{"start":{"line":153,"column":8},"end":{"line":153,"column":null}},"49":{"start":{"line":154,"column":8},"end":{"line":154,"column":null}},"50":{"start":{"line":157,"column":6},"end":{"line":157,"column":null}},"51":{"start":{"line":160,"column":4},"end":{"line":174,"column":null}},"52":{"start":{"line":162,"column":24},"end":{"line":166,"column":null}},"53":{"start":{"line":168,"column":6},"end":{"line":171,"column":null}},"54":{"start":{"line":169,"column":8},"end":{"line":169,"column":null}},"55":{"start":{"line":170,"column":8},"end":{"line":170,"column":null}},"56":{"start":{"line":173,"column":6},"end":{"line":173,"column":null}},"57":{"start":{"line":176,"column":4},"end":{"line":199,"column":null}},"58":{"start":{"line":178,"column":42},"end":{"line":183,"column":null}},"59":{"start":{"line":185,"column":6},"end":{"line":187,"column":null}},"60":{"start":{"line":186,"column":8},"end":{"line":186,"column":null}},"61":{"start":{"line":189,"column":6},"end":{"line":198,"column":null}},"62":{"start":{"line":190,"column":29},"end":{"line":193,"column":null}},"63":{"start":{"line":194,"column":8},"end":{"line":194,"column":null}},"64":{"start":{"line":196,"column":8},"end":{"line":196,"column":null}},"65":{"start":{"line":197,"column":8},"end":{"line":197,"column":null}},"66":{"start":{"line":201,"column":4},"end":{"line":201,"column":null}},"67":{"start":{"line":203,"column":4},"end":{"line":203,"column":null}},"68":{"start":{"line":204,"column":4},"end":{"line":204,"column":null}},"69":{"start":{"line":212,"column":2},"end":{"line":214,"column":null}},"70":{"start":{"line":213,"column":4},"end":{"line":213,"column":null}},"71":{"start":{"line":216,"column":2},"end":{"line":216,"column":null}},"72":{"start":{"line":218,"column":2},"end":{"line":231,"column":null}},"73":{"start":{"line":220,"column":6},"end":{"line":220,"column":null}},"74":{"start":{"line":222,"column":6},"end":{"line":222,"column":null}},"75":{"start":{"line":224,"column":6},"end":{"line":224,"column":null}},"76":{"start":{"line":226,"column":6},"end":{"line":226,"column":null}},"77":{"start":{"line":228,"column":6},"end":{"line":228,"column":null}},"78":{"start":{"line":230,"column":6},"end":{"line":230,"column":null}}},"fnMap":{"0":{"name":"encryptApiKey","decl":{"start":{"line":17,"column":9},"end":{"line":17,"column":23}},"loc":{"start":{"line":17,"column":74},"end":{"line":21,"column":null}},"line":17},"1":{"name":"decryptApiKey","decl":{"start":{"line":26,"column":9},"end":{"line":26,"column":23}},"loc":{"start":{"line":26,"column":81},"end":{"line":29,"column":null}},"line":26},"2":{"name":"createSupabaseClient","decl":{"start":{"line":34,"column":9},"end":{"line":34,"column":30}},"loc":{"start":{"line":34,"column":48},"end":{"line":55,"column":null}},"line":34},"3":{"name":"(anonymous_3)","decl":{"start":{"line":40,"column":8},"end":{"line":40,"column":17}},"loc":{"start":{"line":40,"column":17},"end":{"line":47,"column":null}},"line":40},"4":{"name":"(anonymous_4)","decl":{"start":{"line":43,"column":17},"end":{"line":43,"column":18}},"loc":{"start":{"line":43,"column":29},"end":{"line":46,"column":13}},"line":43},"5":{"name":"(anonymous_5)","decl":{"start":{"line":48,"column":8},"end":{"line":48,"column":15}},"loc":{"start":{"line":48,"column":29},"end":{"line":51,"column":null}},"line":48},"6":{"name":"loader","decl":{"start":{"line":60,"column":22},"end":{"line":60,"column":29}},"loc":{"start":{"line":60,"column":62},"end":{"line":100,"column":null}},"line":60},"7":{"name":"(anonymous_7)","decl":{"start":{"line":88,"column":35},"end":{"line":88,"column":43}},"loc":{"start":{"line":88,"column":43},"end":{"line":93,"column":6}},"line":88},"8":{"name":"action","decl":{"start":{"line":105,"column":22},"end":{"line":105,"column":29}},"loc":{"start":{"line":105,"column":62},"end":{"line":206,"column":null}},"line":105},"9":{"name":"isValidApiKeyFormat","decl":{"start":{"line":211,"column":9},"end":{"line":211,"column":29}},"loc":{"start":{"line":211,"column":72},"end":{"line":232,"column":null}},"line":211}},"branchMap":{"0":{"loc":{"start":{"line":10,"column":0},"end":{"line":12,"column":null}},"type":"if","locations":[{"start":{"line":10,"column":0},"end":{"line":12,"column":null}},{"start":{},"end":{}}],"line":10},"1":{"loc":{"start":{"line":10,"column":4},"end":{"line":10,"column":53}},"type":"binary-expr","locations":[{"start":{"line":10,"column":4},"end":{"line":10,"column":23}},{"start":{"line":10,"column":23},"end":{"line":10,"column":53}}],"line":10},"2":{"loc":{"start":{"line":41,"column":17},"end":{"line":46,"column":null}},"type":"binary-expr","locations":[{"start":{"line":41,"column":17},"end":{"line":46,"column":18}},{"start":{"line":46,"column":18},"end":{"line":46,"column":null}}],"line":41},"3":{"loc":{"start":{"line":66,"column":4},"end":{"line":68,"column":null}},"type":"if","locations":[{"start":{"line":66,"column":4},"end":{"line":68,"column":null}},{"start":{},"end":{}}],"line":66},"4":{"loc":{"start":{"line":66,"column":8},"end":{"line":66,"column":28}},"type":"binary-expr","locations":[{"start":{"line":66,"column":8},"end":{"line":66,"column":21}},{"start":{"line":66,"column":21},"end":{"line":66,"column":28}}],"line":66},"5":{"loc":{"start":{"line":82,"column":4},"end":{"line":85,"column":null}},"type":"if","locations":[{"start":{"line":82,"column":4},"end":{"line":85,"column":null}},{"start":{},"end":{}}],"line":82},"6":{"loc":{"start":{"line":88,"column":22},"end":{"line":93,"column":null}},"type":"binary-expr","locations":[{"start":{"line":88,"column":22},"end":{"line":93,"column":11}},{"start":{"line":93,"column":11},"end":{"line":93,"column":null}}],"line":88},"7":{"loc":{"start":{"line":106,"column":2},"end":{"line":108,"column":null}},"type":"if","locations":[{"start":{"line":106,"column":2},"end":{"line":108,"column":null}},{"start":{},"end":{}}],"line":106},"8":{"loc":{"start":{"line":115,"column":4},"end":{"line":117,"column":null}},"type":"if","locations":[{"start":{"line":115,"column":4},"end":{"line":117,"column":null}},{"start":{},"end":{}}],"line":115},"9":{"loc":{"start":{"line":115,"column":8},"end":{"line":115,"column":28}},"type":"binary-expr","locations":[{"start":{"line":115,"column":8},"end":{"line":115,"column":21}},{"start":{"line":115,"column":21},"end":{"line":115,"column":28}}],"line":115},"10":{"loc":{"start":{"line":122,"column":4},"end":{"line":124,"column":null}},"type":"if","locations":[{"start":{"line":122,"column":4},"end":{"line":124,"column":null}},{"start":{},"end":{}}],"line":122},"11":{"loc":{"start":{"line":122,"column":8},"end":{"line":122,"column":33}},"type":"binary-expr","locations":[{"start":{"line":122,"column":8},"end":{"line":122,"column":21}},{"start":{"line":122,"column":21},"end":{"line":122,"column":33}}],"line":122},"12":{"loc":{"start":{"line":126,"column":4},"end":{"line":158,"column":null}},"type":"if","locations":[{"start":{"line":126,"column":4},"end":{"line":158,"column":null}},{"start":{},"end":{}}],"line":126},"13":{"loc":{"start":{"line":127,"column":6},"end":{"line":129,"column":null}},"type":"if","locations":[{"start":{"line":127,"column":6},"end":{"line":129,"column":null}},{"start":{},"end":{}}],"line":127},"14":{"loc":{"start":{"line":132,"column":6},"end":{"line":134,"column":null}},"type":"if","locations":[{"start":{"line":132,"column":6},"end":{"line":134,"column":null}},{"start":{},"end":{}}],"line":132},"15":{"loc":{"start":{"line":152,"column":6},"end":{"line":155,"column":null}},"type":"if","locations":[{"start":{"line":152,"column":6},"end":{"line":155,"column":null}},{"start":{},"end":{}}],"line":152},"16":{"loc":{"start":{"line":160,"column":4},"end":{"line":174,"column":null}},"type":"if","locations":[{"start":{"line":160,"column":4},"end":{"line":174,"column":null}},{"start":{},"end":{}}],"line":160},"17":{"loc":{"start":{"line":168,"column":6},"end":{"line":171,"column":null}},"type":"if","locations":[{"start":{"line":168,"column":6},"end":{"line":171,"column":null}},{"start":{},"end":{}}],"line":168},"18":{"loc":{"start":{"line":176,"column":4},"end":{"line":199,"column":null}},"type":"if","locations":[{"start":{"line":176,"column":4},"end":{"line":199,"column":null}},{"start":{},"end":{}}],"line":176},"19":{"loc":{"start":{"line":185,"column":6},"end":{"line":187,"column":null}},"type":"if","locations":[{"start":{"line":185,"column":6},"end":{"line":187,"column":null}},{"start":{},"end":{}}],"line":185},"20":{"loc":{"start":{"line":185,"column":10},"end":{"line":185,"column":32}},"type":"binary-expr","locations":[{"start":{"line":185,"column":10},"end":{"line":185,"column":19}},{"start":{"line":185,"column":19},"end":{"line":185,"column":32}}],"line":185},"21":{"loc":{"start":{"line":212,"column":2},"end":{"line":214,"column":null}},"type":"if","locations":[{"start":{"line":212,"column":2},"end":{"line":214,"column":null}},{"start":{},"end":{}}],"line":212},"22":{"loc":{"start":{"line":212,"column":6},"end":{"line":212,"column":45}},"type":"binary-expr","locations":[{"start":{"line":212,"column":6},"end":{"line":212,"column":17}},{"start":{"line":212,"column":17},"end":{"line":212,"column":45}}],"line":212},"23":{"loc":{"start":{"line":218,"column":2},"end":{"line":231,"column":null}},"type":"switch","locations":[{"start":{"line":219,"column":4},"end":{"line":220,"column":null}},{"start":{"line":221,"column":4},"end":{"line":222,"column":null}},{"start":{"line":223,"column":4},"end":{"line":224,"column":null}},{"start":{"line":225,"column":4},"end":{"line":226,"column":null}},{"start":{"line":227,"column":4},"end":{"line":228,"column":null}},{"start":{"line":229,"column":4},"end":{"line":230,"column":null}}],"line":218},"24":{"loc":{"start":{"line":220,"column":13},"end":{"line":220,"column":null}},"type":"binary-expr","locations":[{"start":{"line":220,"column":13},"end":{"line":220,"column":41}},{"start":{"line":220,"column":41},"end":{"line":220,"column":null}}],"line":220},"25":{"loc":{"start":{"line":222,"column":13},"end":{"line":222,"column":null}},"type":"binary-expr","locations":[{"start":{"line":222,"column":13},"end":{"line":222,"column":45}},{"start":{"line":222,"column":45},"end":{"line":222,"column":null}}],"line":222},"26":{"loc":{"start":{"line":224,"column":13},"end":{"line":224,"column":null}},"type":"binary-expr","locations":[{"start":{"line":224,"column":13},"end":{"line":224,"column":36}},{"start":{"line":224,"column":36},"end":{"line":224,"column":null}}],"line":224},"27":{"loc":{"start":{"line":226,"column":13},"end":{"line":226,"column":null}},"type":"binary-expr","locations":[{"start":{"line":226,"column":13},"end":{"line":226,"column":42}},{"start":{"line":226,"column":42},"end":{"line":226,"column":null}}],"line":226},"28":{"loc":{"start":{"line":228,"column":13},"end":{"line":228,"column":null}},"type":"binary-expr","locations":[{"start":{"line":228,"column":13},"end":{"line":228,"column":41}},{"start":{"line":228,"column":41},"end":{"line":228,"column":null}}],"line":228}},"s":{"0":1,"1":1,"2":0,"3":2,"4":2,"5":2,"6":1,"7":1,"8":4,"9":0,"10":0,"11":0,"12":1,"13":1,"14":1,"15":1,"16":1,"17":0,"18":0,"19":0,"20":0,"21":0,"22":0,"23":0,"24":0,"25":0,"26":1,"27":0,"28":0,"29":3,"30":0,"31":3,"32":3,"33":3,"34":3,"35":0,"36":3,"37":3,"38":3,"39":0,"40":3,"41":2,"42":0,"43":2,"44":0,"45":2,"46":2,"47":2,"48":0,"49":0,"50":2,"51":1,"52":0,"53":0,"54":0,"55":0,"56":0,"57":1,"58":1,"59":1,"60":0,"61":1,"62":1,"63":1,"64":0,"65":0,"66":0,"67":0,"68":0,"69":2,"70":0,"71":2,"72":2,"73":2,"74":0,"75":0,"76":0,"77":0,"78":0},"f":{"0":2,"1":1,"2":4,"3":0,"4":0,"5":0,"6":1,"7":0,"8":3,"9":2},"b":{"0":[0,1],"1":[1,1],"2":[0,0],"3":[1,0],"4":[1,1],"5":[0,0],"6":[0,0],"7":[0,3],"8":[0,3],"9":[3,3],"10":[0,3],"11":[3,3],"12":[2,1],"13":[0,2],"14":[0,2],"15":[0,2],"16":[0,1],"17":[0,0],"18":[1,0],"19":[0,1],"20":[1,1],"21":[0,2],"22":[2,2],"23":[2,0,0,0,0,0],"24":[2,2],"25":[0,0],"26":[0,0],"27":[0,0],"28":[0,0]},"meta":{"lastBranch":29,"lastFunction":10,"lastStatement":79,"seen":{"s:8:23:8:Infinity":0,"b:10:0:12:Infinity:undefined:undefined:undefined:undefined":0,"s:10:0:12:Infinity":1,"b:10:4:10:23:10:23:10:53":1,"s:11:2:11:Infinity":2,"f:17:9:17:23":0,"s:18:8:18:Infinity":3,"s:19:26:19:Infinity":4,"s:20:2:20:Infinity":5,"f:26:9:26:23":1,"s:27:19:27:Infinity":6,"s:28:2:28:Infinity":7,"f:34:9:34:30":2,"s:35:2:54:Infinity":8,"f:40:8:40:17":3,"s:41:10:46:Infinity":9,"b:41:17:46:18:46:18:46:Infinity":2,"f:43:17:43:18":4,"s:44:36:44:Infinity":10,"s:45:14:45:Infinity":11,"f:48:8:48:15":5,"f:60:22:60:29":6,"s:61:2:99:Infinity":12,"s:62:21:62:Infinity":13,"s:65:49:65:Infinity":14,"b:66:4:68:Infinity:undefined:undefined:undefined:undefined":3,"s:66:4:68:Infinity":15,"b:66:8:66:21:66:21:66:28":4,"s:67:6:67:Infinity":16,"s:70:4:74:Infinity":17,"s:71:6:71:Infinity":18,"s:73:6:73:Infinity":19,"s:77:37:80:Infinity":20,"b:82:4:85:Infinity:undefined:undefined:undefined:undefined":5,"s:82:4:85:Infinity":21,"s:83:6:83:Infinity":22,"s:84:6:84:Infinity":23,"s:88:22:93:Infinity":24,"b:88:22:93:11:93:11:93:Infinity":6,"f:88:35:88:43":7,"s:88:43:93:6":25,"s:95:4:95:Infinity":26,"s:97:4:97:Infinity":27,"s:98:4:98:Infinity":28,"f:105:22:105:29":8,"b:106:2:108:Infinity:undefined:undefined:undefined:undefined":7,"s:106:2:108:Infinity":29,"s:107:4:107:Infinity":30,"s:110:2:205:Infinity":31,"s:111:21:111:Infinity":32,"s:114:49:114:Infinity":33,"b:115:4:117:Infinity:undefined:undefined:undefined:undefined":8,"s:115:4:117:Infinity":34,"b:115:8:115:21:115:21:115:28":9,"s:116:6:116:Infinity":35,"s:119:17:119:Infinity":36,"s:120:52:120:Infinity":37,"b:122:4:124:Infinity:undefined:undefined:undefined:undefined":10,"s:122:4:124:Infinity":38,"b:122:8:122:21:122:21:122:33":11,"s:123:6:123:Infinity":39,"b:126:4:158:Infinity:undefined:undefined:undefined:undefined":12,"s:126:4:158:Infinity":40,"b:127:6:129:Infinity:undefined:undefined:undefined:undefined":13,"s:127:6:129:Infinity":41,"s:128:8:128:Infinity":42,"b:132:6:134:Infinity:undefined:undefined:undefined:undefined":14,"s:132:6:134:Infinity":43,"s:133:8:133:Infinity":44,"s:137:32:137:Infinity":45,"s:140:24:150:Infinity":46,"b:152:6:155:Infinity:undefined:undefined:undefined:undefined":15,"s:152:6:155:Infinity":47,"s:153:8:153:Infinity":48,"s:154:8:154:Infinity":49,"s:157:6:157:Infinity":50,"b:160:4:174:Infinity:undefined:undefined:undefined:undefined":16,"s:160:4:174:Infinity":51,"s:162:24:166:Infinity":52,"b:168:6:171:Infinity:undefined:undefined:undefined:undefined":17,"s:168:6:171:Infinity":53,"s:169:8:169:Infinity":54,"s:170:8:170:Infinity":55,"s:173:6:173:Infinity":56,"b:176:4:199:Infinity:undefined:undefined:undefined:undefined":18,"s:176:4:199:Infinity":57,"s:178:42:183:Infinity":58,"b:185:6:187:Infinity:undefined:undefined:undefined:undefined":19,"s:185:6:187:Infinity":59,"b:185:10:185:19:185:19:185:32":20,"s:186:8:186:Infinity":60,"s:189:6:198:Infinity":61,"s:190:29:193:Infinity":62,"s:194:8:194:Infinity":63,"s:196:8:196:Infinity":64,"s:197:8:197:Infinity":65,"s:201:4:201:Infinity":66,"s:203:4:203:Infinity":67,"s:204:4:204:Infinity":68,"f:211:9:211:29":9,"b:212:2:214:Infinity:undefined:undefined:undefined:undefined":21,"s:212:2:214:Infinity":69,"b:212:6:212:17:212:17:212:45":22,"s:213:4:213:Infinity":70,"s:216:2:216:Infinity":71,"b:219:4:220:Infinity:221:4:222:Infinity:223:4:224:Infinity:225:4:226:Infinity:227:4:228:Infinity:229:4:230:Infinity":23,"s:218:2:231:Infinity":72,"s:220:6:220:Infinity":73,"b:220:13:220:41:220:41:220:Infinity":24,"s:222:6:222:Infinity":74,"b:222:13:222:45:222:45:222:Infinity":25,"s:224:6:224:Infinity":75,"b:224:13:224:36:224:36:224:Infinity":26,"s:226:6:226:Infinity":76,"b:226:13:226:42:226:42:226:Infinity":27,"s:228:6:228:Infinity":77,"b:228:13:228:41:228:41:228:Infinity":28,"s:230:6:230:Infinity":78}}}
}
